
  .   ____          _            __ _ _
 /\\ / ___'_ __ _ _(_)_ __  __ _ \ \ \ \
( ( )\___ | '_ | '_| | '_ \/ _` | \ \ \ \
 \\/  ___)| |_)| | | | | || (_| |  ) ) ) )
  '  |____| .__|_| |_|_| |_\__, | / / / /
 =========|_|==============|___/=/_/_/_/
 :: Spring Boot ::                (v3.2.0)

2023-12-21T15:18:39.101+09:00  INFO 86355 --- [           main] com.joeun.hello.HelloApplication         : Starting HelloApplication v0.0.1-SNAPSHOT using Java 17.0.9 with PID 86355 (/home/joeun/workspace/HelloSpringBoot/hello/build/libs/hello-0.0.1-SNAPSHOT.war started by joeun in /home/joeun/workspace/HelloSpringBoot/hello/build/libs)
2023-12-21T15:18:39.106+09:00  INFO 86355 --- [           main] com.joeun.hello.HelloApplication         : No active profile set, falling back to 1 default profile: "default"
2023-12-21T15:18:42.411+09:00  INFO 86355 --- [           main] o.s.b.w.embedded.tomcat.TomcatWebServer  : Tomcat initialized with port 8080 (http)
2023-12-21T15:18:42.435+09:00  INFO 86355 --- [           main] o.apache.catalina.core.StandardService   : Starting service [Tomcat]
2023-12-21T15:18:42.436+09:00  INFO 86355 --- [           main] o.apache.catalina.core.StandardEngine    : Starting Servlet engine: [Apache Tomcat/10.1.16]
2023-12-21T15:18:42.671+09:00  INFO 86355 --- [           main] o.a.c.c.C.[Tomcat].[localhost].[/]       : Initializing Spring embedded WebApplicationContext
2023-12-21T15:18:42.676+09:00  INFO 86355 --- [           main] w.s.c.ServletWebServerApplicationContext : Root WebApplicationContext: initialization completed in 3249 ms
2023-12-21T15:18:43.138+09:00  INFO 86355 --- [           main] o.s.b.a.w.s.WelcomePageHandlerMapping    : Adding welcome page template: index
2023-12-21T15:18:43.884+09:00  INFO 86355 --- [           main] o.s.b.w.embedded.tomcat.TomcatWebServer  : Tomcat started on port 8080 (http) with context path ''
2023-12-21T15:18:43.923+09:00  INFO 86355 --- [           main] com.joeun.hello.HelloApplication         : Started HelloApplication in 6.547 seconds (process running for 7.589)

  .   ____          _            __ _ _
 /\\ / ___'_ __ _ _(_)_ __  __ _ \ \ \ \
( ( )\___ | '_ | '_| | '_ \/ _` | \ \ \ \
 \\/  ___)| |_)| | | | | || (_| |  ) ) ) )
  '  |____| .__|_| |_|_| |_\__, | / / / /
 =========|_|==============|___/=/_/_/_/
 :: Spring Boot ::                (v3.2.0)

2023-12-21T15:18:56.826+09:00  INFO 86580 --- [           main] com.joeun.hello.HelloApplication         : Starting HelloApplication v0.0.1-SNAPSHOT using Java 17.0.9 with PID 86580 (/home/joeun/workspace/HelloSpringBoot/hello/build/libs/hello-0.0.1-SNAPSHOT.war started by joeun in /home/joeun/workspace/HelloSpringBoot/hello/build/libs)
2023-12-21T15:18:56.844+09:00  INFO 86580 --- [           main] com.joeun.hello.HelloApplication         : No active profile set, falling back to 1 default profile: "default"
2023-12-21T15:19:00.123+09:00  INFO 86580 --- [           main] o.s.b.w.embedded.tomcat.TomcatWebServer  : Tomcat initialized with port 8080 (http)
2023-12-21T15:19:00.174+09:00  INFO 86580 --- [           main] o.apache.catalina.core.StandardService   : Starting service [Tomcat]
2023-12-21T15:19:00.175+09:00  INFO 86580 --- [           main] o.apache.catalina.core.StandardEngine    : Starting Servlet engine: [Apache Tomcat/10.1.16]
2023-12-21T15:19:00.706+09:00  INFO 86580 --- [           main] o.a.c.c.C.[Tomcat].[localhost].[/]       : Initializing Spring embedded WebApplicationContext
2023-12-21T15:19:00.719+09:00  INFO 86580 --- [           main] w.s.c.ServletWebServerApplicationContext : Root WebApplicationContext: initialization completed in 3593 ms
2023-12-21T15:19:01.247+09:00  INFO 86580 --- [           main] o.s.b.a.w.s.WelcomePageHandlerMapping    : Adding welcome page template: index
2023-12-21T15:19:02.355+09:00  INFO 86580 --- [           main] o.s.b.w.embedded.tomcat.TomcatWebServer  : Tomcat started on port 8080 (http) with context path ''
2023-12-21T15:19:02.415+09:00  INFO 86580 --- [           main] com.joeun.hello.HelloApplication         : Started HelloApplication in 6.682 seconds (process running for 8.075)
2023-12-21T15:19:08.230+09:00  INFO 86580 --- [nio-8080-exec-1] o.a.c.c.C.[Tomcat].[localhost].[/]       : Initializing Spring DispatcherServlet 'dispatcherServlet'
2023-12-21T15:19:08.231+09:00  INFO 86580 --- [nio-8080-exec-1] o.s.web.servlet.DispatcherServlet        : Initializing Servlet 'dispatcherServlet'
2023-12-21T15:19:08.236+09:00  INFO 86580 --- [nio-8080-exec-1] o.s.web.servlet.DispatcherServlet        : Completed initialization in 2 ms
